# Can query impala_query_live. Skips DISTRIBUTEDPLAN because that requires
# coordinators, which are not configured in frontend tests.
select count(*) from sys.impala_query_live
---- PLAN
PLAN-ROOT SINK
|
01:AGGREGATE [FINALIZE]
|  output: count(*)
|  row-size=8B cardinality=1
|
00:SCAN SYSTEM_TABLE [sys.impala_query_live]
   row-size=0B cardinality=1
====
# Error trying to create new sys.impala_query_live
create table sys.impala_query_live (i int)
---- PLAN
AnalysisException: Table already exists: sys.impala_query_live
====
drop table sys.impala_query_live
---- PLAN
AnalysisException: Write not supported. Table sys.impala_query_live  access type is: READONLY
====
insert into sys.impala_query_live values (1)
---- PLAN
AnalysisException: Write not supported. Table sys.impala_query_live  access type is: READONLY
====
update sys.impala_query_live set query_id = "nonsense"
---- PLAN
AnalysisException: Impala only supports modifying Kudu and Iceberg tables, but the following table is neither: sys.impala_query_live
====
delete sys.impala_query_live where query_id = "nonsense"
---- PLAN
AnalysisException: Impala only supports modifying Kudu and Iceberg tables, but the following table is neither: sys.impala_query_live
====
